<?xml version="1.0" encoding="UTF-8"?>
<!-- Generated by org.testng.reporters.JUnitReportReporter -->
<testsuite hostname="TUSHAR" failures="0" tests="2" name="demo.LeadsTest" time="0.021" errors="0" timestamp="2025-04-16T17:33:17 IST" skipped="0">
  <testcase classname="demo.LeadsTest" name="b" time="0.002">
    <system-out>
      <![CDATA[selenium class]]>
    </system-out>
  </testcase> <!-- b -->
  <testcase classname="demo.LeadsTest" name="a" time="0.019">
    <system-out>
      <![CDATA[hey rajat there]]>
    </system-out>
  </testcase> <!-- a -->
  <system-out>
    <![CDATA[hey rajat there
selenium class]]>
  </system-out>
</testsuite> <!-- demo.LeadsTest -->
