<?xml version="1.0" encoding="UTF-8"?>
<!-- Generated by org.testng.reporters.JUnitReportReporter -->
<testsuite hostname="TUSHAR" failures="0" tests="1" name="sample.Assertion" time="0.055" errors="0" timestamp="2025-04-27T15:26:04 IST" skipped="0">
  <testcase classname="sample.Assertion" name="add" time="0.055"/>
</testsuite> <!-- sample.Assertion -->
