<?xml version="1.0" encoding="UTF-8"?>
<!-- Generated by org.testng.reporters.JUnitReportReporter -->
<testsuite hostname="TUSHAR" failures="0" tests="2" name="sample.Demo3" time="0.058" errors="0" timestamp="2025-04-28T14:15:41 IST" skipped="0">
  <testcase classname="sample.Demo3" name="add" time="0.054"/>
  <testcase classname="sample.Demo3" name="sub" time="0.004"/>
</testsuite> <!-- sample.Demo3 -->
