<?xml version="1.0" encoding="UTF-8"?>
<!-- Generated by org.testng.reporters.JUnitReportReporter -->
<testsuite hostname="TUSHAR" failures="0" tests="2" name="extra.HelperAttribute6" time="6.232" errors="0" timestamp="2025-04-17T23:13:25 IST" skipped="1">
  <testcase classname="extra.HelperAttribute6" name="a" time="6.232"/>
  <testcase classname="extra.HelperAttribute6" name="b">
    <skipped/>
  </testcase> <!-- b -->
</testsuite> <!-- extra.HelperAttribute6 -->
