<?xml version="1.0" encoding="UTF-8"?>
<!-- Generated by org.testng.reporters.JUnitReportReporter -->
<testsuite hostname="TUSHAR" failures="0" tests="1" name="sample.Demo1" time="15.906" errors="0" timestamp="2025-04-28T14:14:51 IST" skipped="0">
  <testcase classname="sample.Demo1" name="add" time="15.906"/>
</testsuite> <!-- sample.Demo1 -->
