<?xml version="1.0" encoding="UTF-8"?>
<!-- Generated by org.testng.reporters.JUnitReportReporter -->
<testsuite hostname="TUSHAR" failures="0" tests="1" name="sample.Demo2" time="22.785" errors="0" timestamp="2025-04-28T14:14:51 IST" skipped="0">
  <testcase classname="sample.Demo2" name="sub" time="22.785"/>
</testsuite> <!-- sample.Demo2 -->
