<?xml version="1.0" encoding="UTF-8"?>
<!-- Generated by org.testng.reporters.JUnitReportReporter -->
<testsuite hostname="TUSHAR" failures="0" tests="3" name="leadsTest.LeadsTest" time="149.479" errors="0" timestamp="2025-04-28T10:34:36 IST" skipped="0">
  <testcase classname="leadsTest.LeadsTest" name="createLeadsTest" time="96.030"/>
  <testcase classname="leadsTest.LeadsTest" name="createLeadsWithLeadsourceTest" time="28.581"/>
  <testcase classname="leadsTest.LeadsTest" name="createLeadsWithPhoneTest" time="24.868"/>
</testsuite> <!-- leadsTest.LeadsTest -->
