<?xml version="1.0" encoding="UTF-8"?>
<!-- Generated by org.testng.reporters.JUnitReportReporter -->
<testsuite hostname="TUSHAR" failures="0" tests="10" name="extra.HelperAttribute2" time="90.656" errors="0" timestamp="2025-04-17T22:39:14 IST" skipped="0">
  <testcase classname="extra.HelperAttribute2" name="add" time="8.613"/>
  <testcase classname="extra.HelperAttribute2" name="add" time="9.432"/>
  <testcase classname="extra.HelperAttribute2" name="add" time="9.739"/>
  <testcase classname="extra.HelperAttribute2" name="add" time="8.387"/>
  <testcase classname="extra.HelperAttribute2" name="add" time="9.705"/>
  <testcase classname="extra.HelperAttribute2" name="add" time="8.214"/>
  <testcase classname="extra.HelperAttribute2" name="add" time="8.455"/>
  <testcase classname="extra.HelperAttribute2" name="add" time="8.756"/>
  <testcase classname="extra.HelperAttribute2" name="add" time="9.470"/>
  <testcase classname="extra.HelperAttribute2" name="add" time="9.885"/>
</testsuite> <!-- extra.HelperAttribute2 -->
