<?xml version="1.0" encoding="UTF-8"?>
<!-- Generated by org.testng.reporters.JUnitReportReporter -->
<testsuite hostname="TUSHAR" failures="0" tests="10" name="extra.HelperAttribute" time="0.037" errors="0" timestamp="2025-04-17T22:38:38 IST" skipped="0">
  <testcase classname="extra.HelperAttribute" name="add" time="0.002"/>
  <testcase classname="extra.HelperAttribute" name="add" time="0.003"/>
  <testcase classname="extra.HelperAttribute" name="add" time="0.002"/>
  <testcase classname="extra.HelperAttribute" name="add" time="0.016"/>
  <testcase classname="extra.HelperAttribute" name="add" time="0.002"/>
  <testcase classname="extra.HelperAttribute" name="add" time="0.002"/>
  <testcase classname="extra.HelperAttribute" name="add" time="0.002"/>
  <testcase classname="extra.HelperAttribute" name="add" time="0.002"/>
  <testcase classname="extra.HelperAttribute" name="add" time="0.003"/>
  <testcase classname="extra.HelperAttribute" name="add" time="0.003"/>
</testsuite> <!-- extra.HelperAttribute -->
