<?xml version="1.0" encoding="UTF-8"?>
<!-- Generated by org.testng.reporters.JUnitReportReporter -->
<testsuite hostname="TUSHAR" failures="0" tests="1" name="extra.AdvanceReports2" time="10.610" errors="0" timestamp="2025-04-30T17:21:34 IST" skipped="0">
  <testcase classname="extra.AdvanceReports2" name="generateAdReport" time="10.610"/>
</testsuite> <!-- extra.AdvanceReports2 -->
