<?xml version="1.0" encoding="UTF-8"?>
<!-- Generated by org.testng.reporters.JUnitReportReporter -->
<testsuite hostname="TUSHAR" failures="0" tests="4" name="sample.GroupExecution" time="0.017" errors="0" timestamp="2025-04-27T14:57:52 IST" skipped="0">
  <testcase classname="sample.GroupExecution" name="sub" time="0.002"/>
  <testcase classname="sample.GroupExecution" name="add" time="0.011"/>
  <testcase classname="sample.GroupExecution" name="div" time="0.002"/>
  <testcase classname="sample.GroupExecution" name="mul" time="0.002"/>
</testsuite> <!-- sample.GroupExecution -->
