<?xml version="1.0" encoding="UTF-8"?>
<!-- Generated by org.testng.reporters.JUnitReportReporter -->
<testsuite hostname="TUSHAR" failures="0" tests="2" name="sample.Demo4" time="0.009" errors="0" timestamp="2025-04-28T14:15:41 IST" skipped="0">
  <testcase classname="sample.Demo4" name="div" time="0.003"/>
  <testcase classname="sample.Demo4" name="multi" time="0.006"/>
</testsuite> <!-- sample.Demo4 -->
