<?xml version="1.0" encoding="UTF-8"?>
<!-- Generated by org.testng.reporters.JUnitReportReporter -->
<testsuite hostname="TUSHAR" failures="0" tests="3" name="extra.HelperAttribute3" time="7.895" errors="0" timestamp="2025-04-17T22:28:19 IST" skipped="0">
  <testcase classname="extra.HelperAttribute3" name="modifyCity" time="2.349"/>
  <testcase classname="extra.HelperAttribute3" name="deleteCity" time="3.235"/>
  <testcase classname="extra.HelperAttribute3" name="createCity" time="2.311"/>
</testsuite> <!-- extra.HelperAttribute3 -->
