<?xml version="1.0" encoding="UTF-8"?>
<!-- Generated by org.testng.reporters.JUnitReportReporter -->
<testsuite hostname="TUSHAR" failures="0" tests="2" name="sample.Demo5" time="0.002" errors="0" timestamp="2025-04-24T16:24:59 IST" skipped="0">
  <testcase classname="sample.Demo5" name="multi" time="0.001"/>
  <testcase classname="sample.Demo5" name="div" time="0.001"/>
</testsuite> <!-- sample.Demo5 -->
