<?xml version="1.0" encoding="UTF-8"?>
<!-- Generated by org.testng.reporters.JUnitReportReporter -->
<testsuite hostname="TUSHAR" failures="0" tests="10" name="extra.HelperAttribute5" time="109.646" errors="0" timestamp="2025-04-17T22:47:51 IST" skipped="0">
  <testcase classname="extra.HelperAttribute5" name="b" time="12.158"/>
  <testcase classname="extra.HelperAttribute5" name="a" time="9.936"/>
  <testcase classname="extra.HelperAttribute5" name="a" time="10.174"/>
  <testcase classname="extra.HelperAttribute5" name="a" time="9.975"/>
  <testcase classname="extra.HelperAttribute5" name="b" time="12.421"/>
  <testcase classname="extra.HelperAttribute5" name="a" time="9.983"/>
  <testcase classname="extra.HelperAttribute5" name="b" time="11.550"/>
  <testcase classname="extra.HelperAttribute5" name="b" time="11.582"/>
  <testcase classname="extra.HelperAttribute5" name="b" time="11.612"/>
  <testcase classname="extra.HelperAttribute5" name="a" time="10.255"/>
</testsuite> <!-- extra.HelperAttribute5 -->
